This is pdfTeX, Version 3.1415926-2.4-1.40.13 (TeX Live 2012/TeX Live for SUSE Linux) (format=pdflatex 2013.4.1)  5 MAY 2013 17:35
entering extended mode
 restricted \write18 enabled.
 %&-line parsing enabled.
**nrzbkl.tex
(./nrzbkl.tex
LaTeX2e <2011/06/27>
Babel <v3.8m> and hyphenation patterns for english, dumylang, nohyphenation, ge
rman-x-2011-07-01, ngerman-x-2011-07-01, afrikaans, ancientgreek, ibycus, arabi
c, armenian, basque, bulgarian, catalan, pinyin, coptic, croatian, czech, danis
h, dutch, ukenglish, usenglishmax, esperanto, estonian, ethiopic, farsi, finnis
h, french, friulan, galician, german, ngerman, swissgerman, monogreek, greek, h
ungarian, icelandic, assamese, bengali, gujarati, hindi, kannada, malayalam, ma
rathi, oriya, panjabi, tamil, telugu, indonesian, interlingua, irish, italian, 
kurmanji, lao, latin, latvian, lithuanian, mongolian, mongolianlmc, bokmal, nyn
orsk, polish, portuguese, romanian, romansh, russian, sanskrit, serbian, serbia
nc, slovak, slovenian, spanish, swedish, turkish, turkmen, ukrainian, uppersorb
ian, welsh, loaded.
(/usr/share/texmf/tex/latex/base/article.cls
Document Class: article 2007/10/19 v1.4h Standard LaTeX document class
(/usr/share/texmf/tex/latex/base/size10.clo
File: size10.clo 2007/10/19 v1.4h Standard LaTeX file (size option)
)
\c@part=\count79
\c@section=\count80
\c@subsection=\count81
\c@subsubsection=\count82
\c@paragraph=\count83
\c@subparagraph=\count84
\c@figure=\count85
\c@table=\count86
\abovecaptionskip=\skip41
\belowcaptionskip=\skip42
\bibindent=\dimen102
) (./custom.sty
Package: custom 
 (./mathtools.sty
Package: mathtools 2008/08/01 v1.06 mathematical typesetting tools (MH)

(/usr/share/texmf/tex/latex/graphics/keyval.sty
Package: keyval 1999/03/16 v1.13 key=value parser (DPC)
\KV@toks@=\toks14
)
(/usr/share/texmf/tex/latex/tools/calc.sty
Package: calc 2007/08/22 v4.3 Infix arithmetic (KKT,FJ)
\calc@Acount=\count87
\calc@Bcount=\count88
\calc@Adimen=\dimen103
\calc@Bdimen=\dimen104
\calc@Askip=\skip43
\calc@Bskip=\skip44
LaTeX Info: Redefining \setlength on input line 76.
LaTeX Info: Redefining \addtolength on input line 77.
\calc@Ccount=\count89
\calc@Cskip=\skip45
)
(/usr/share/texmf/tex/latex/mh/mhsetup.sty
Package: mhsetup 2010/01/21 v1.2a programming setup (MH)
)
(/usr/share/texmf/tex/latex/amsmath/amsmath.sty
Package: amsmath 2000/07/18 v2.13 AMS math features
\@mathmargin=\skip46

For additional information on amsmath, use the `?' option.
(/usr/share/texmf/tex/latex/amsmath/amstext.sty
Package: amstext 2000/06/29 v2.01

(/usr/share/texmf/tex/latex/amsmath/amsgen.sty
File: amsgen.sty 1999/11/30 v2.0
\@emptytoks=\toks15
\ex@=\dimen105
))
(/usr/share/texmf/tex/latex/amsmath/amsbsy.sty
Package: amsbsy 1999/11/29 v1.2d
\pmbraise@=\dimen106
)
(/usr/share/texmf/tex/latex/amsmath/amsopn.sty
Package: amsopn 1999/12/14 v2.01 operator names
)
\inf@bad=\count90
LaTeX Info: Redefining \frac on input line 211.
\uproot@=\count91
\leftroot@=\count92
LaTeX Info: Redefining \overline on input line 307.
\classnum@=\count93
\DOTSCASE@=\count94
LaTeX Info: Redefining \ldots on input line 379.
LaTeX Info: Redefining \dots on input line 382.
LaTeX Info: Redefining \cdots on input line 467.
\Mathstrutbox@=\box26
\strutbox@=\box27
\big@size=\dimen107
LaTeX Font Info:    Redeclaring font encoding OML on input line 567.
LaTeX Font Info:    Redeclaring font encoding OMS on input line 568.
\macc@depth=\count95
\c@MaxMatrixCols=\count96
\dotsspace@=\muskip10
\c@parentequation=\count97
\dspbrk@lvl=\count98
\tag@help=\toks16
\row@=\count99
\column@=\count100
\maxfields@=\count101
\andhelp@=\toks17
\eqnshift@=\dimen108
\alignsep@=\dimen109
\tagshift@=\dimen110
\tagwidth@=\dimen111
\totwidth@=\dimen112
\lineht@=\dimen113
\@envbody=\toks18
\multlinegap=\skip47
\multlinetaggap=\skip48
\mathdisplay@stack=\toks19
LaTeX Info: Redefining \[ on input line 2666.
LaTeX Info: Redefining \] on input line 2667.
)
\g_MT_multlinerow_int=\count102
\l_MT_multwidth_dim=\dimen114
)
(/usr/share/texmf/tex/latex/amscls/amsthm.sty
Package: amsthm 2009/07/02 v2.20.1
\thm@style=\toks20
\thm@bodyfont=\toks21
\thm@headfont=\toks22
\thm@notefont=\toks23
\thm@headpunct=\toks24
\thm@preskip=\skip49
\thm@postskip=\skip50
\thm@headsep=\skip51
\dth@everypar=\toks25
)
(/usr/share/texmf/tex/latex/amsfonts/amsfonts.sty
Package: amsfonts 2009/06/22 v3.00 Basic AMSFonts support
\symAMSa=\mathgroup4
\symAMSb=\mathgroup5
LaTeX Font Info:    Overwriting math alphabet `\mathfrak' in version `bold'
(Font)                  U/euf/m/n --> U/euf/b/n on input line 96.
)
(/usr/share/texmf/tex/latex/graphics/graphicx.sty
Package: graphicx 1999/02/16 v1.0f Enhanced LaTeX Graphics (DPC,SPQR)

(/usr/share/texmf/tex/latex/graphics/graphics.sty
Package: graphics 2009/02/05 v1.0o Standard LaTeX Graphics (DPC,SPQR)

(/usr/share/texmf/tex/latex/graphics/trig.sty
Package: trig 1999/03/16 v1.09 sin cos tan (DPC)
)
(/usr/share/texmf/tex/latex/latexconfig/graphics.cfg
File: graphics.cfg 2010/04/23 v1.9 graphics configuration of TeX Live
)
Package graphics Info: Driver file: pdftex.def on input line 91.

(/usr/share/texmf/tex/latex/pdftex-def/pdftex.def
File: pdftex.def 2011/05/27 v0.06d Graphics/color for pdfTeX

(/usr/share/texmf/tex/generic/oberdiek/infwarerr.sty
Package: infwarerr 2010/04/08 v1.3 Providing info/warning/error messages (HO)
)
(/usr/share/texmf/tex/generic/oberdiek/ltxcmds.sty
Package: ltxcmds 2011/11/09 v1.22 LaTeX kernel commands for general use (HO)
)
\Gread@gobject=\count103
))
\Gin@req@height=\dimen115
\Gin@req@width=\dimen116
)
(/usr/share/texmf/tex/latex/esint/esint.sty
Package: esint 
\symlargesymbolsA=\mathgroup6
)
(/usr/share/texmf/tex/latex/hyperref/hyperref.sty
Package: hyperref 2012/02/28 v6.82p Hypertext links for LaTeX

(/usr/share/texmf/tex/generic/oberdiek/hobsub-hyperref.sty
Package: hobsub-hyperref 2012/04/25 v1.12 Bundle oberdiek, subset hyperref (HO)


(/usr/share/texmf/tex/generic/oberdiek/hobsub-generic.sty
Package: hobsub-generic 2012/04/25 v1.12 Bundle oberdiek, subset generic (HO)
Package: hobsub 2012/04/25 v1.12 Construct package bundles (HO)
Package hobsub Info: Skipping package `infwarerr' (already loaded).
Package hobsub Info: Skipping package `ltxcmds' (already loaded).
Package: ifluatex 2010/03/01 v1.3 Provides the ifluatex switch (HO)
Package ifluatex Info: LuaTeX not detected.
Package: ifvtex 2010/03/01 v1.5 Detect VTeX and its facilities (HO)
Package ifvtex Info: VTeX not detected.
Package: intcalc 2007/09/27 v1.1 Expandable calculations with integers (HO)
Package: ifpdf 2011/01/30 v2.3 Provides the ifpdf switch (HO)
Package ifpdf Info: pdfTeX in PDF mode is detected.
Package: etexcmds 2011/02/16 v1.5 Avoid name clashes with e-TeX commands (HO)
Package etexcmds Info: Could not find \expanded.
(etexcmds)             That can mean that you are not using pdfTeX 1.50 or
(etexcmds)             that some package has redefined \expanded.
(etexcmds)             In the latter case, load this package earlier.
Package: kvsetkeys 2012/04/25 v1.16 Key value parser (HO)
Package: kvdefinekeys 2011/04/07 v1.3 Define keys (HO)
Package: pdftexcmds 2011/11/29 v0.20 Utility functions of pdfTeX for LuaTeX (HO
)
Package pdftexcmds Info: LuaTeX not detected.
Package pdftexcmds Info: \pdf@primitive is available.
Package pdftexcmds Info: \pdf@ifprimitive is available.
Package pdftexcmds Info: \pdfdraftmode found.
Package: pdfescape 2011/11/25 v1.13 Implements pdfTeX's escape features (HO)
Package: bigintcalc 2012/04/08 v1.3 Expandable calculations on big integers (HO
)
Package: bitset 2011/01/30 v1.1 Handle bit-vector datatype (HO)
Package: uniquecounter 2011/01/30 v1.2 Provide unlimited unique counter (HO)
)
Package hobsub Info: Skipping package `hobsub' (already loaded).
Package: letltxmacro 2010/09/02 v1.4 Let assignment for LaTeX macros (HO)
Package: hopatch 2011/06/24 v1.1 Wrapper for package hooks (HO)
Package: xcolor-patch 2011/01/30 xcolor patch
Package: atveryend 2011/06/30 v1.8 Hooks at the very end of document (HO)
Package atveryend Info: \enddocument detected (standard20110627).
Package: atbegshi 2011/10/05 v1.16 At begin shipout hook (HO)
Package: refcount 2011/10/16 v3.4 Data extraction from label references (HO)
Package: hycolor 2011/01/30 v1.7 Color options for hyperref/bookmark (HO)
)
(/usr/share/texmf/tex/generic/ifxetex/ifxetex.sty
Package: ifxetex 2010/09/12 v0.6 Provides ifxetex conditional
)
(/usr/share/texmf/tex/latex/oberdiek/kvoptions.sty
Package: kvoptions 2011/06/30 v3.11 Key value format for package options (HO)
)
\@linkdim=\dimen117
\Hy@linkcounter=\count104
\Hy@pagecounter=\count105

(/usr/share/texmf/tex/latex/hyperref/pd1enc.def
File: pd1enc.def 2012/02/28 v6.82p Hyperref: PDFDocEncoding definition (HO)
)
\Hy@SavedSpaceFactor=\count106

(/usr/share/texmf/tex/latex/latexconfig/hyperref.cfg
File: hyperref.cfg 2002/06/06 v1.2 hyperref configuration of TeXLive
)
Package hyperref Info: Hyper figures OFF on input line 4062.
Package hyperref Info: Link nesting OFF on input line 4067.
Package hyperref Info: Hyper index ON on input line 4070.
Package hyperref Info: Plain pages OFF on input line 4077.
Package hyperref Info: Backreferencing OFF on input line 4082.
Package hyperref Info: Implicit mode ON; LaTeX internals redefined.
Package hyperref Info: Bookmarks ON on input line 4300.
\c@Hy@tempcnt=\count107

(/usr/share/texmf/tex/latex/url/url.sty
\Urlmuskip=\muskip11
Package: url 2006/04/12  ver 3.3  Verb mode for urls, etc.
)
LaTeX Info: Redefining \url on input line 4653.
\Fld@menulength=\count108
\Field@Width=\dimen118
\Fld@charsize=\dimen119
Package hyperref Info: Hyper figures OFF on input line 5773.
Package hyperref Info: Link nesting OFF on input line 5778.
Package hyperref Info: Hyper index ON on input line 5781.
Package hyperref Info: backreferencing OFF on input line 5788.
Package hyperref Info: Link coloring OFF on input line 5793.
Package hyperref Info: Link coloring with OCG OFF on input line 5798.
Package hyperref Info: PDF/A mode OFF on input line 5803.
LaTeX Info: Redefining \ref on input line 5843.
LaTeX Info: Redefining \pageref on input line 5847.
\Hy@abspage=\count109
\c@Item=\count110
\c@Hfootnote=\count111
)

Package hyperref Message: Driver (autodetected): hpdftex.

(/usr/share/texmf/tex/latex/hyperref/hpdftex.def
File: hpdftex.def 2012/02/28 v6.82p Hyperref driver for pdfTeX
\Fld@listcount=\count112
\c@bookmark@seq@number=\count113

(/usr/share/texmf/tex/latex/oberdiek/rerunfilecheck.sty
Package: rerunfilecheck 2011/04/15 v1.7 Rerun checks for auxiliary files (HO)
Package uniquecounter Info: New unique counter `rerunfilecheck' on input line 2
82.
)
\Hy@SectionHShift=\skip52
)
(/usr/share/texmf/tex/generic/babel/babel.sty
Package: babel 2008/07/08 v3.8m The Babel package

(/usr/share/texmf/tex/generic/babel/swedish.ldf
Language: swedish 2005/03/31 v2.3d Swedish support from the babel system

(/usr/share/texmf/tex/generic/babel/babel.def
File: babel.def 2008/07/08 v3.8m Babel common definitions
\babel@savecnt=\count114
\U@D=\dimen120
)
Package babel Info: Making " an active character on input line 90.
))
(/usr/share/texmf/tex/latex/base/inputenc.sty
Package: inputenc 2008/03/30 v1.1d Input encoding file
\inpenc@prehook=\toks26
\inpenc@posthook=\toks27

(/usr/share/texmf/tex/latex/base/utf8.def
File: utf8.def 2008/04/05 v1.1m UTF-8 support for inputenc
Now handling font encoding OML ...
... no UTF-8 mapping file for font encoding OML
Now handling font encoding T1 ...
... processing UTF-8 mapping file for font encoding T1

(/usr/share/texmf/tex/latex/base/t1enc.dfu
File: t1enc.dfu 2008/04/05 v1.1m UTF-8 support for inputenc
   defining Unicode char U+00A1 (decimal 161)
   defining Unicode char U+00A3 (decimal 163)
   defining Unicode char U+00AB (decimal 171)
   defining Unicode char U+00BB (decimal 187)
   defining Unicode char U+00BF (decimal 191)
   defining Unicode char U+00C0 (decimal 192)
   defining Unicode char U+00C1 (decimal 193)
   defining Unicode char U+00C2 (decimal 194)
   defining Unicode char U+00C3 (decimal 195)
   defining Unicode char U+00C4 (decimal 196)
   defining Unicode char U+00C5 (decimal 197)
   defining Unicode char U+00C6 (decimal 198)
   defining Unicode char U+00C7 (decimal 199)
   defining Unicode char U+00C8 (decimal 200)
   defining Unicode char U+00C9 (decimal 201)
   defining Unicode char U+00CA (decimal 202)
   defining Unicode char U+00CB (decimal 203)
   defining Unicode char U+00CC (decimal 204)
   defining Unicode char U+00CD (decimal 205)
   defining Unicode char U+00CE (decimal 206)
   defining Unicode char U+00CF (decimal 207)
   defining Unicode char U+00D0 (decimal 208)
   defining Unicode char U+00D1 (decimal 209)
   defining Unicode char U+00D2 (decimal 210)
   defining Unicode char U+00D3 (decimal 211)
   defining Unicode char U+00D4 (decimal 212)
   defining Unicode char U+00D5 (decimal 213)
   defining Unicode char U+00D6 (decimal 214)
   defining Unicode char U+00D8 (decimal 216)
   defining Unicode char U+00D9 (decimal 217)
   defining Unicode char U+00DA (decimal 218)
   defining Unicode char U+00DB (decimal 219)
   defining Unicode char U+00DC (decimal 220)
   defining Unicode char U+00DD (decimal 221)
   defining Unicode char U+00DE (decimal 222)
   defining Unicode char U+00DF (decimal 223)
   defining Unicode char U+00E0 (decimal 224)
   defining Unicode char U+00E1 (decimal 225)
   defining Unicode char U+00E2 (decimal 226)
   defining Unicode char U+00E3 (decimal 227)
   defining Unicode char U+00E4 (decimal 228)
   defining Unicode char U+00E5 (decimal 229)
   defining Unicode char U+00E6 (decimal 230)
   defining Unicode char U+00E7 (decimal 231)
   defining Unicode char U+00E8 (decimal 232)
   defining Unicode char U+00E9 (decimal 233)
   defining Unicode char U+00EA (decimal 234)
   defining Unicode char U+00EB (decimal 235)
   defining Unicode char U+00EC (decimal 236)
   defining Unicode char U+00ED (decimal 237)
   defining Unicode char U+00EE (decimal 238)
   defining Unicode char U+00EF (decimal 239)
   defining Unicode char U+00F0 (decimal 240)
   defining Unicode char U+00F1 (decimal 241)
   defining Unicode char U+00F2 (decimal 242)
   defining Unicode char U+00F3 (decimal 243)
   defining Unicode char U+00F4 (decimal 244)
   defining Unicode char U+00F5 (decimal 245)
   defining Unicode char U+00F6 (decimal 246)
   defining Unicode char U+00F8 (decimal 248)
   defining Unicode char U+00F9 (decimal 249)
   defining Unicode char U+00FA (decimal 250)
   defining Unicode char U+00FB (decimal 251)
   defining Unicode char U+00FC (decimal 252)
   defining Unicode char U+00FD (decimal 253)
   defining Unicode char U+00FE (decimal 254)
   defining Unicode char U+00FF (decimal 255)
   defining Unicode char U+0102 (decimal 258)
   defining Unicode char U+0103 (decimal 259)
   defining Unicode char U+0104 (decimal 260)
   defining Unicode char U+0105 (decimal 261)
   defining Unicode char U+0106 (decimal 262)
   defining Unicode char U+0107 (decimal 263)
   defining Unicode char U+010C (decimal 268)
   defining Unicode char U+010D (decimal 269)
   defining Unicode char U+010E (decimal 270)
   defining Unicode char U+010F (decimal 271)
   defining Unicode char U+0110 (decimal 272)
   defining Unicode char U+0111 (decimal 273)
   defining Unicode char U+0118 (decimal 280)
   defining Unicode char U+0119 (decimal 281)
   defining Unicode char U+011A (decimal 282)
   defining Unicode char U+011B (decimal 283)
   defining Unicode char U+011E (decimal 286)
   defining Unicode char U+011F (decimal 287)
   defining Unicode char U+0130 (decimal 304)
   defining Unicode char U+0131 (decimal 305)
   defining Unicode char U+0132 (decimal 306)
   defining Unicode char U+0133 (decimal 307)
   defining Unicode char U+0139 (decimal 313)
   defining Unicode char U+013A (decimal 314)
   defining Unicode char U+013D (decimal 317)
   defining Unicode char U+013E (decimal 318)
   defining Unicode char U+0141 (decimal 321)
   defining Unicode char U+0142 (decimal 322)
   defining Unicode char U+0143 (decimal 323)
   defining Unicode char U+0144 (decimal 324)
   defining Unicode char U+0147 (decimal 327)
   defining Unicode char U+0148 (decimal 328)
   defining Unicode char U+014A (decimal 330)
   defining Unicode char U+014B (decimal 331)
   defining Unicode char U+0150 (decimal 336)
   defining Unicode char U+0151 (decimal 337)
   defining Unicode char U+0152 (decimal 338)
   defining Unicode char U+0153 (decimal 339)
   defining Unicode char U+0154 (decimal 340)
   defining Unicode char U+0155 (decimal 341)
   defining Unicode char U+0158 (decimal 344)
   defining Unicode char U+0159 (decimal 345)
   defining Unicode char U+015A (decimal 346)
   defining Unicode char U+015B (decimal 347)
   defining Unicode char U+015E (decimal 350)
   defining Unicode char U+015F (decimal 351)
   defining Unicode char U+0160 (decimal 352)
   defining Unicode char U+0161 (decimal 353)
   defining Unicode char U+0162 (decimal 354)
   defining Unicode char U+0163 (decimal 355)
   defining Unicode char U+0164 (decimal 356)
   defining Unicode char U+0165 (decimal 357)
   defining Unicode char U+016E (decimal 366)
   defining Unicode char U+016F (decimal 367)
   defining Unicode char U+0170 (decimal 368)
   defining Unicode char U+0171 (decimal 369)
   defining Unicode char U+0178 (decimal 376)
   defining Unicode char U+0179 (decimal 377)
   defining Unicode char U+017A (decimal 378)
   defining Unicode char U+017B (decimal 379)
   defining Unicode char U+017C (decimal 380)
   defining Unicode char U+017D (decimal 381)
   defining Unicode char U+017E (decimal 382)
   defining Unicode char U+200C (decimal 8204)
   defining Unicode char U+2013 (decimal 8211)
   defining Unicode char U+2014 (decimal 8212)
   defining Unicode char U+2018 (decimal 8216)
   defining Unicode char U+2019 (decimal 8217)
   defining Unicode char U+201A (decimal 8218)
   defining Unicode char U+201C (decimal 8220)
   defining Unicode char U+201D (decimal 8221)
   defining Unicode char U+201E (decimal 8222)
   defining Unicode char U+2030 (decimal 8240)
   defining Unicode char U+2031 (decimal 8241)
   defining Unicode char U+2039 (decimal 8249)
   defining Unicode char U+203A (decimal 8250)
   defining Unicode char U+2423 (decimal 9251)
)
Now handling font encoding OT1 ...
... processing UTF-8 mapping file for font encoding OT1

(/usr/share/texmf/tex/latex/base/ot1enc.dfu
File: ot1enc.dfu 2008/04/05 v1.1m UTF-8 support for inputenc
   defining Unicode char U+00A1 (decimal 161)
   defining Unicode char U+00A3 (decimal 163)
   defining Unicode char U+00B8 (decimal 184)
   defining Unicode char U+00BF (decimal 191)
   defining Unicode char U+00C5 (decimal 197)
   defining Unicode char U+00C6 (decimal 198)
   defining Unicode char U+00D8 (decimal 216)
   defining Unicode char U+00DF (decimal 223)
   defining Unicode char U+00E6 (decimal 230)
   defining Unicode char U+00EC (decimal 236)
   defining Unicode char U+00ED (decimal 237)
   defining Unicode char U+00EE (decimal 238)
   defining Unicode char U+00EF (decimal 239)
   defining Unicode char U+00F8 (decimal 248)
   defining Unicode char U+0131 (decimal 305)
   defining Unicode char U+0141 (decimal 321)
   defining Unicode char U+0142 (decimal 322)
   defining Unicode char U+0152 (decimal 338)
   defining Unicode char U+0153 (decimal 339)
   defining Unicode char U+2013 (decimal 8211)
   defining Unicode char U+2014 (decimal 8212)
   defining Unicode char U+2018 (decimal 8216)
   defining Unicode char U+2019 (decimal 8217)
   defining Unicode char U+201C (decimal 8220)
   defining Unicode char U+201D (decimal 8221)
)
Now handling font encoding OMS ...
... processing UTF-8 mapping file for font encoding OMS

(/usr/share/texmf/tex/latex/base/omsenc.dfu
File: omsenc.dfu 2008/04/05 v1.1m UTF-8 support for inputenc
   defining Unicode char U+00A7 (decimal 167)
   defining Unicode char U+00B6 (decimal 182)
   defining Unicode char U+00B7 (decimal 183)
   defining Unicode char U+2020 (decimal 8224)
   defining Unicode char U+2021 (decimal 8225)
   defining Unicode char U+2022 (decimal 8226)
)
Now handling font encoding OMX ...
... no UTF-8 mapping file for font encoding OMX
Now handling font encoding U ...
... no UTF-8 mapping file for font encoding U
Now handling font encoding PD1 ...
... no UTF-8 mapping file for font encoding PD1
   defining Unicode char U+00A9 (decimal 169)
   defining Unicode char U+00AA (decimal 170)
   defining Unicode char U+00AE (decimal 174)
   defining Unicode char U+00BA (decimal 186)
   defining Unicode char U+02C6 (decimal 710)
   defining Unicode char U+02DC (decimal 732)
   defining Unicode char U+200C (decimal 8204)
   defining Unicode char U+2026 (decimal 8230)
   defining Unicode char U+2122 (decimal 8482)
   defining Unicode char U+2423 (decimal 9251)
))) (./nrzbkl.aux)
\openout1 = `nrzbkl.aux'.

LaTeX Font Info:    Checking defaults for OML/cmm/m/it on input line 4.
LaTeX Font Info:    ... okay on input line 4.
LaTeX Font Info:    Checking defaults for T1/cmr/m/n on input line 4.
LaTeX Font Info:    ... okay on input line 4.
LaTeX Font Info:    Checking defaults for OT1/cmr/m/n on input line 4.
LaTeX Font Info:    ... okay on input line 4.
LaTeX Font Info:    Checking defaults for OMS/cmsy/m/n on input line 4.
LaTeX Font Info:    ... okay on input line 4.
LaTeX Font Info:    Checking defaults for OMX/cmex/m/n on input line 4.
LaTeX Font Info:    ... okay on input line 4.
LaTeX Font Info:    Checking defaults for U/cmr/m/n on input line 4.
LaTeX Font Info:    ... okay on input line 4.
LaTeX Font Info:    Checking defaults for PD1/pdf/m/n on input line 4.
LaTeX Font Info:    ... okay on input line 4.

(/usr/share/texmf/tex/context/base/supp-pdf.mkii
[Loading MPS to PDF converter (version 2006.09.02).]
\scratchcounter=\count115
\scratchdimen=\dimen121
\scratchbox=\box28
\nofMPsegments=\count116
\nofMParguments=\count117
\everyMPshowfont=\toks28
\MPscratchCnt=\count118
\MPscratchDim=\dimen122
\MPnumerator=\count119
\makeMPintoPDFobject=\count120
\everyMPtoPDFconversion=\toks29
) (/usr/share/texmf/tex/latex/oberdiek/epstopdf-base.sty
Package: epstopdf-base 2010/02/09 v2.5 Base part for package epstopdf

(/usr/share/texmf/tex/latex/oberdiek/grfext.sty
Package: grfext 2010/08/19 v1.1 Manage graphics extensions (HO)
)
Package grfext Info: Graphics extension search list:
(grfext)             [.png,.pdf,.jpg,.mps,.jpeg,.jbig2,.jb2,.PNG,.PDF,.JPG,.JPE
G,.JBIG2,.JB2,.eps]
(grfext)             \AppendGraphicsExtensions on input line 452.

(/usr/share/texmf/tex/latex/latexconfig/epstopdf-sys.cfg
File: epstopdf-sys.cfg 2010/07/13 v1.3 Configuration of (r)epstopdf for TeX Liv
e
))
\AtBeginShipoutBox=\box29
Package hyperref Info: Link coloring OFF on input line 4.

(/usr/share/texmf/tex/latex/hyperref/nameref.sty
Package: nameref 2010/04/30 v2.40 Cross-referencing by name of section

(/usr/share/texmf/tex/generic/oberdiek/gettitlestring.sty
Package: gettitlestring 2010/12/03 v1.4 Cleanup title references (HO)
)
\c@section@level=\count121
)
LaTeX Info: Redefining \ref on input line 4.
LaTeX Info: Redefining \pageref on input line 4.
LaTeX Info: Redefining \nameref on input line 4.
 (./nrzbkl.out)
(./nrzbkl.out)
\@outlinefile=\write3
\openout3 = `nrzbkl.out'.

LaTeX Font Info:    Try loading font information for U+msa on input line 9.
 (/usr/share/texmf/tex/latex/amsfonts/umsa.fd
File: umsa.fd 2009/06/22 v3.00 AMS symbols A
)
LaTeX Font Info:    Try loading font information for U+msb on input line 9.

(/usr/share/texmf/tex/latex/amsfonts/umsb.fd
File: umsb.fd 2009/06/22 v3.00 AMS symbols B
)
LaTeX Font Info:    Try loading font information for U+esint on input line 9.

(/usr/share/texmf/tex/latex/esint/uesint.fd
File: uesint.fd 
) [1

{/var/lib/texmf/fonts/map/pdftex/updmap/pdftex.map}]
Overfull \hbox (0.4169pt too wide) in paragraph at lines 32--41
\OT1/cmr/m/n/10 nollst[]allen f[]or $[](\OML/cmm/m/it/10 s\OT1/cmr/m/n/10 ) \OM
L/cmm/m/it/10 > \OT1/cmr/m/n/10 1$. D[]arefter p^^Wavisas en funk-tion som har 
sam-ma nollst[]allen
 []


Underfull \hbox (badness 10000) in paragraph at lines 32--41

 []


Underfull \hbox (badness 10000) in paragraph at lines 32--41

 []


Underfull \hbox (badness 10000) in paragraph at lines 42--47

 []


Overfull \hbox (155.05415pt too wide) detected at line 59
[][][] [][]
 []

[2]
Underfull \hbox (badness 10000) in paragraph at lines 75--76

 []


Underfull \hbox (badness 10000) in paragraph at lines 85--90

 []


Underfull \hbox (badness 10000) in paragraph at lines 91--97

 []


Underfull \hbox (badness 10000) in paragraph at lines 91--97

 []


Underfull \hbox (badness 10000) in paragraph at lines 106--109

 []

[3pdfTeX warning (ext4): destination with the same identifier (name{equation.0.
1}) has been already used, duplicate ignored

\AtBegShi@Output ...ipout \box \AtBeginShipoutBox 
                                                  \fi \fi 
l.115 \]
        ]
Overfull \hbox (5.55458pt too wide) in paragraph at lines 164--169
\OT1/cmr/m/n/10 (Division med $^^@([])$ i den sista lik-he-ten, in-neb[]ar att 
zeta-funktionen har nollst[]allen
 []


Overfull \hbox (4.03232pt too wide) in paragraph at lines 164--169
\OT1/cmr/m/n/10 var-je g^^Wang d^^Wa $^^@([])$ har en sin-gu-la-ri-tet. P^^Wa s
^^Wa s[]att erh^^Walls de ``tri-vi-a-la nollst[]allena'')
 []

[4]
Overfull \hbox (12.43237pt too wide) in paragraph at lines 169--180
 []\OT1/cmr/bx/n/10 Sats 4:[] \OT1/cmr/m/n/10 De tri-vi-a-la nollst[]allena til
l Ri-e-manns zeta-funktion []ar de en-da nollst[]allena
 []


Underfull \hbox (badness 10000) in paragraph at lines 169--180

 []


Underfull \hbox (badness 10000) in paragraph at lines 181--189

 []


Underfull \hbox (badness 10000) in paragraph at lines 181--189

 []


Underfull \hbox (badness 10000) in paragraph at lines 189--192

 []


Underfull \hbox (badness 10000) in paragraph at lines 189--192

 []


Underfull \hbox (badness 10000) in paragraph at lines 220--224

 []

[5]
Overfull \hbox (36.40533pt too wide) detected at line 251
[] [] \OT1/cmr/m/n/10 = [] [] = [] [] [] = \OMS/cmsy/m/n/10 ^^@ [] [] [] \OT1/c
mr/m/n/10 = \OMS/cmsy/m/n/10 ^^@ []\OT1/cmr/m/n/10 ([] [](1 \OMS/cmsy/m/n/10 ^^
@ \OML/cmm/m/it/10 p[]\OT1/cmr/m/n/10 )
 []


Underfull \hbox (badness 10000) in paragraph at lines 261--263

 []


Underfull \hbox (badness 10000) in paragraph at lines 265--267

 []


Underfull \hbox (badness 10000) in paragraph at lines 292--305

 []

[6] [7]
Underfull \hbox (badness 10000) in paragraph at lines 306--313

 []


Underfull \hbox (badness 10000) in paragraph at lines 306--313

 []


Underfull \hbox (badness 10000) in paragraph at lines 313--319

 []


Underfull \hbox (badness 10000) in paragraph at lines 320--323

 []


Underfull \hbox (badness 10000) in paragraph at lines 335--340

 []


Underfull \hbox (badness 10000) in paragraph at lines 335--340

 []


Underfull \hbox (badness 10000) in paragraph at lines 344--348

 []


Underfull \hbox (badness 10000) in paragraph at lines 349--357

 []


Underfull \hbox (badness 10000) in paragraph at lines 349--357

 []

[8]
Underfull \hbox (badness 10000) in paragraph at lines 361--363

 []


Overfull \hbox (16.81589pt too wide) detected at line 417
\OML/cmm/m/it/10 Q\OT1/cmr/m/n/10 (\OML/cmm/m/it/10 x\OT1/cmr/m/n/10 ) = \OMS/c
msy/m/n/10 ^^@[] ^^A [][] \OML/cmm/m/it/10 ^^P\OT1/cmr/m/n/10 (\OML/cmm/m/it/10
 s\OT1/cmr/m/n/10 ) \OMS/cmsy/m/n/10 ^^A \OT1/cmr/m/n/10 ^^@([])\OML/cmm/m/it/1
0 ^^Y[] \OMS/cmsy/m/n/10 ^^A \OML/cmm/m/it/10 e[] ds \OT1/cmr/m/n/10 + [] \OMS/
cmsy/m/n/10 ^^A \OT1/cmr/m/n/10 2\OML/cmm/m/it/10 ^^Yi \OMS/cmsy/m/n/10 ^^A []\
OT1/cmr/m/n/10 (\OML/cmm/m/it/10 ^^P\OT1/cmr/m/n/10 (\OML/cmm/m/it/10 s\OT1/cmr
/m/n/10 ) \OMS/cmsy/m/n/10 ^^A \OT1/cmr/m/n/10 ^^@([]) \OMS/cmsy/m/n/10 ^^A \OM
L/cmm/m/it/10 ^^Y[] \OMS/cmsy/m/n/10 ^^A \OML/cmm/m/it/10 e[]; \OT1/cmr/m/n/10 
1)
 []

[9] [10]
Underfull \hbox (badness 10000) in paragraph at lines 490--495

 []


Overfull \hbox (32.1406pt too wide) in paragraph at lines 540--546
 []\OT1/cmr/m/n/10 ar ab-so-lut kon-ver-gent. D^^Wa $(\OML/cmm/m/it/10 t[] \OT1
/cmr/m/n/10 + [])[]\OML/cmm/m/it/10 t[]\OT1/cmr/m/n/10 ^^D(\OML/cmm/m/it/10 t\O
T1/cmr/m/n/10 ) []([]\OML/cmm/m/it/10 t\OT1/cmr/m/n/10 )$ []ar st[]orre []an $(
\OML/cmm/m/it/10 t[] \OT1/cmr/m/n/10 + [])[]\OML/cmm/m/it/10 t[]\OT1/cmr/m/n/10
 ^^D(\OML/cmm/m/it/10 t\OT1/cmr/m/n/10 ) [](\OML/cmm/m/it/10 at\OT1/cmr/m/n/10 
)$
 []

[11] [12]
\openout2 = `appendix.aux'.

 (./appendix.tex [13

]
Overfull \hbox (4.57164pt too wide) in paragraph at lines 111--111
[] 
 []

[14]
Overfull \hbox (28.94661pt too wide) in paragraph at lines 118--118
[] 
 []


Underfull \hbox (badness 10000) in paragraph at lines 125--128

 []


Underfull \hbox (badness 10000) in paragraph at lines 125--128

 []


Underfull \hbox (badness 10000) in paragraph at lines 130--131

 []

<linus_0001.jpg, id=105, 741.77126pt x 393.47pt>
File: linus_0001.jpg Graphic file (type jpg)
 <use linus_0001.jpg>
Package pdftex.def Info: linus_0001.jpg used on input line 140.
(pdftex.def)             Requested size: 370.88472pt x 196.73451pt.

Overfull \hbox (25.88472pt too wide) in paragraph at lines 140--141
 [] 
 []

[15]pdfTeX warning (ext4): destination with the same identifier (name{equation.
0.1}) has been already used, duplicate ignored
<to be read again> 
                   \relax 
l.147 \end{align}
                  [16 <./linus_0001.jpg>]
Underfull \hbox (badness 10000) in paragraph at lines 165--167

 []


Underfull \hbox (badness 10000) in paragraph at lines 165--167

 []


Overfull \hbox (12.58067pt too wide) detected at line 174
[][] \OML/cmm/m/it/10 f\OT1/cmr/m/n/10 (\OML/cmm/m/it/10 z\OT1/cmr/m/n/10 ) \OM
L/cmm/m/it/10 dz \OT1/cmr/m/n/10 = [][] \OML/cmm/m/it/10 f\OT1/cmr/m/n/10 (\OML
/cmm/m/it/10 z\OT1/cmr/m/n/10 (\OML/cmm/m/it/10 t\OT1/cmr/m/n/10 ))[] \OML/cmm/
m/it/10 dt \OT1/cmr/m/n/10 = [][][\OML/cmm/m/it/10 a\OT1/cmr/m/n/10 (\OML/cmm/m
/it/10 x\OT1/cmr/m/n/10 (\OML/cmm/m/it/10 t\OT1/cmr/m/n/10 )\OML/cmm/m/it/10 ; 
y\OT1/cmr/m/n/10 (\OML/cmm/m/it/10 t\OT1/cmr/m/n/10 )) + \OML/cmm/m/it/10 iv\OT
1/cmr/m/n/10 (\OML/cmm/m/it/10 x\OT1/cmr/m/n/10 (\OML/cmm/m/it/10 t\OT1/cmr/m/n
/10 )\OML/cmm/m/it/10 ; y\OT1/cmr/m/n/10 (\OML/cmm/m/it/10 t\OT1/cmr/m/n/10 ))]
 []  \OML/cmm/m/it/10 dt
 []


Overfull \hbox (39.5911pt too wide) detected at line 177
\OT1/cmr/m/n/10 = [][] []  \OML/cmm/m/it/10 dt \OT1/cmr/m/n/10 + \OML/cmm/m/it/
10 i [][] []  dt
 []


Underfull \hbox (badness 10000) in paragraph at lines 189--195

 []

<linusbildp101.jpg, id=116, 559.08875pt x 455.7025pt>
File: linusbildp101.jpg Graphic file (type jpg)
 <use linusbildp101.jpg>
Package pdftex.def Info: linusbildp101.jpg used on input line 196.
(pdftex.def)             Requested size: 195.68399pt x 159.49826pt.

[17]
Overfull \hbox (32.7488pt too wide) detected at line 215
[][] [] \OML/cmm/m/it/10 dz \OT1/cmr/m/n/10 = [][] [] \OML/cmm/m/it/10 dz \OT1/
cmr/m/n/10 = [][] [] \OML/cmm/m/it/10 dz \OT1/cmr/m/n/10 + [][] [] \OML/cmm/m/i
t/10 dz \OT1/cmr/m/n/10 (1)
 []

[18 <./linusbildp101.jpg>]
Underfull \hbox (badness 10000) in paragraph at lines 247--250

 []

[19]
Underfull \hbox (badness 10000) in paragraph at lines 273--280

 []

<aoeu.jpg, id=135, 772.8875pt x 278.03876pt>
File: aoeu.jpg Graphic file (type jpg)
 <use aoeu.jpg>
Package pdftex.def Info: aoeu.jpg used on input line 281.
(pdftex.def)             Requested size: 386.4428pt x 139.01903pt.

Overfull \hbox (41.4428pt too wide) in paragraph at lines 281--282
 [] 
 []

[20 <./aoeu.jpg>]
Overfull \hbox (77.55305pt too wide) detected at line 325
\OMS/cmsy/m/n/10 ^^@[] [][] \OML/cmm/m/it/10 f\OT1/cmr/m/n/10 (\OML/cmm/m/it/10
 ^^P\OT1/cmr/m/n/10 ) \OMS/cmsy/m/n/10 ^^A [] [] \OML/cmm/m/it/10 d^^P \OT1/cmr
/m/n/10 = [] \OMS/cmsy/m/n/10 ^^@[] ^^A [][] [] \OML/cmm/m/it/10 d^^P \OMS/cmsy
/m/n/10 ^^A \OT1/cmr/m/n/10 (\OML/cmm/m/it/10 z \OMS/cmsy/m/n/10 ^^@ \OML/cmm/m
/it/10 z[]\OT1/cmr/m/n/10 )[] = [] \OML/cmm/m/it/10 a[]\OT1/cmr/m/n/10 (\OML/cm
m/m/it/10 z \OMS/cmsy/m/n/10 ^^@ \OML/cmm/m/it/10 z[]\OT1/cmr/m/n/10 )[]
 []


Underfull \hbox (badness 10000) in paragraph at lines 337--341

 []


Underfull \hbox (badness 10000) in paragraph at lines 370--377

 []

[21]
Underfull \hbox (badness 10000) in paragraph at lines 381--384

 []


Underfull \hbox (badness 10000) in paragraph at lines 385--389

 []


Underfull \hbox (badness 10000) in paragraph at lines 385--389

 []


Underfull \hbox (badness 10000) in paragraph at lines 402--404

 []


Underfull \hbox (badness 10000) in paragraph at lines 404--406

 []


Underfull \hbox (badness 10000) in paragraph at lines 409--412

 []


Underfull \hbox (badness 10000) in paragraph at lines 412--417

 []


Underfull \hbox (badness 10000) in paragraph at lines 412--417

 []


Underfull \hbox (badness 10000) in paragraph at lines 412--417

 []


Underfull \hbox (badness 10000) in paragraph at lines 417--422

 []


Underfull \hbox (badness 10000) in paragraph at lines 417--422

 []


Underfull \hbox (badness 10000) in paragraph at lines 417--422

 []

[22]
Underfull \hbox (badness 10000) in paragraph at lines 422--425

 []


Underfull \hbox (badness 10000) in paragraph at lines 433--436

 []


Underfull \hbox (badness 10000) in paragraph at lines 436--439

 []


Underfull \hbox (badness 10000) in paragraph at lines 436--439

 []


Underfull \hbox (badness 10000) in paragraph at lines 454--457

 []


Underfull \hbox (badness 10000) in paragraph at lines 457--461

 []

[23]
Package atveryend Info: Empty hook `BeforeClearDocument' on input line 494.

Underfull \hbox (badness 10000) in paragraph at lines 474--494

 []


Underfull \hbox (badness 10000) in paragraph at lines 474--494

 []


Underfull \hbox (badness 10000) in paragraph at lines 474--494

 []


Overfull \hbox (28.24675pt too wide) in paragraph at lines 474--494
[]$\OT1/cmtt/m/n/10 http : / / www . math . ubc . ca / []gerg / teaching / 613-
[]Winter2011 / ZerosCriticalLine .
 []


Underfull \hbox (badness 10000) in paragraph at lines 474--494

 []


Underfull \hbox (badness 10000) in paragraph at lines 474--494

 []

[24]
Package atveryend Info: Empty hook `AfterLastShipout' on input line 494.
 (./nrzbkl.aux (./appendix.aux))
Package atveryend Info: Executing hook `AtVeryEndDocument' on input line 494.
Package atveryend Info: Executing hook `AtEndAfterFileList' on input line 494.
Package rerunfilecheck Info: File `nrzbkl.out' has not changed.
(rerunfilecheck)             Checksum: D41D8CD98F00B204E9800998ECF8427E;0.
Package atveryend Info: Empty hook `AtVeryVeryEnd' on input line 494.
 ) )
(\end occurred when \iftrue on line 588 was incomplete)
(\end occurred when \ifnum on line 588 was incomplete) 
Here is how much of TeX's memory you used:
 6793 strings out of 493607
 95249 string characters out of 3149946
 198500 words of memory out of 3500000
 9932 multiletter control sequences out of 15000+200000
 12112 words of font info for 52 fonts, out of 3000000 for 9000
 831 hyphenation exceptions out of 8191
 40i,11n,26p,259b,410s stack positions out of 5000i,500n,10000p,200000b,50000s
 </home/niil/.cache/texmf
/fonts/pk/ljfour/public/esint/esint10.600pk></usr/share/texmf/fonts/type1/publi
c/amsfonts/cm/cmbx10.pfb></usr/share/texmf/fonts/type1/public/amsfonts/cm/cmbx1
2.pfb></usr/share/texmf/fonts/type1/public/amsfonts/cm/cmex10.pfb></usr/share/t
exmf/fonts/type1/public/amsfonts/cm/cmmi10.pfb></usr/share/texmf/fonts/type1/pu
blic/amsfonts/cm/cmmi5.pfb></usr/share/texmf/fonts/type1/public/amsfonts/cm/cmm
i7.pfb></usr/share/texmf/fonts/type1/public/amsfonts/cm/cmr10.pfb></usr/share/t
exmf/fonts/type1/public/amsfonts/cm/cmr12.pfb></usr/share/texmf/fonts/type1/pub
lic/amsfonts/cm/cmr17.pfb></usr/share/texmf/fonts/type1/public/amsfonts/cm/cmr5
.pfb></usr/share/texmf/fonts/type1/public/amsfonts/cm/cmr7.pfb></usr/share/texm
f/fonts/type1/public/amsfonts/cm/cmsy10.pfb></usr/share/texmf/fonts/type1/publi
c/amsfonts/cm/cmsy5.pfb></usr/share/texmf/fonts/type1/public/amsfonts/cm/cmsy7.
pfb></usr/share/texmf/fonts/type1/public/amsfonts/cm/cmti10.pfb></usr/share/tex
mf/fonts/type1/public/amsfonts/cm/cmtt10.pfb></usr/share/texmf/fonts/type1/publ
ic/amsfonts/symbols/msbm10.pfb></usr/share/texmf/fonts/type1/public/amsfonts/sy
mbols/msbm7.pfb>
Output written on nrzbkl.pdf (24 pages, 492902 bytes).
PDF statistics:
 255 PDF objects out of 1000 (max. 8388607)
 200 compressed objects within 2 object streams
 67 named destinations out of 1000 (max. 500000)
 16 words of extra memory for PDF output out of 10000 (max. 10000000)

